<?xml version="1.0" encoding="UTF-8"?>
<!-- Generated by org.testng.reporters.JUnitReportReporter -->
<testsuite hostname="DESKTOP-T4R5HEE" failures="0" tests="1" name="com.www.demoBlaze.testLayer.LoginTest" time="20.028" errors="0" timestamp="2023-02-09T18:20:27 IST" skipped="0">
  <testcase classname="com.www.demoBlaze.testLayer.LoginTest" name="verifyLogin" time="20.028"/>
  <system-out/>
</testsuite> <!-- com.www.demoBlaze.testLayer.LoginTest -->
