<?xml version="1.0" encoding="UTF-8"?>
<!-- Generated by org.testng.reporters.JUnitReportReporter -->
<testsuite hostname="DESKTOP-T4R5HEE" failures="0" tests="1" name="com.www.demoBlaze.testLayer.LoginTest" time="25.186" errors="0" timestamp="2023-02-04T18:22:25 IST" skipped="0">
  <testcase classname="com.www.demoBlaze.testLayer.LoginTest" name="verifyLogin" time="25.186"/>
  <system-out/>
</testsuite> <!-- com.www.demoBlaze.testLayer.LoginTest -->
