<?xml version="1.0" encoding="UTF-8"?>
<!-- Generated by org.testng.reporters.JUnitReportReporter -->
<testsuite hostname="DESKTOP-T4R5HEE" failures="0" tests="1" name="com.www.demoBlaze.testLayer.BuyFunctionalityWithoutLoginTest" time="33.605" errors="0" timestamp="2023-02-05T14:54:34 IST" skipped="0">
  <testcase classname="com.www.demoBlaze.testLayer.BuyFunctionalityWithoutLoginTest" name="buyFunctionalityWithoutLoginTes" time="33.605"/>
  <system-out/>
</testsuite> <!-- com.www.demoBlaze.testLayer.BuyFunctionalityWithoutLoginTest -->
